c:\users\илья\source\repos\mygames\tank's\debug\vc142.pdb
c:\users\илья\source\repos\mygames\tank's\debug\vc142.idb
c:\users\илья\source\repos\mygames\tank's\debug\tanklib.obj
c:\users\илья\source\repos\mygames\tank's\debug\source.obj
c:\term2\mygames\tank's\debug\vc142.pdb
c:\term2\mygames\tank's\debug\vc142.idb
c:\term2\mygames\tank's\debug\tanklib.obj
c:\term2\mygames\tank's\debug\source.obj
c:\users\илья\source\repos\mygames\debug\tank's.exe
c:\users\илья\source\repos\mygames\tank's\debug\tank's.ilk
c:\users\илья\source\repos\mygames\debug\tank's.pdb
c:\term2\mygames\debug\tank's.exe
c:\term2\mygames\tank's\debug\tank's.ilk
c:\term2\mygames\debug\tank's.pdb
c:\users\илья\source\repos\mygames\debug\raylib.dll
c:\term2\mygames\debug\raylib.dll
c:\term2\mygames\tank's\debug\tank's.tlog\cl.command.1.tlog
c:\term2\mygames\tank's\debug\tank's.tlog\cl.read.1.tlog
c:\term2\mygames\tank's\debug\tank's.tlog\cl.write.1.tlog
c:\term2\mygames\tank's\debug\tank's.tlog\link.command.1.tlog
c:\term2\mygames\tank's\debug\tank's.tlog\link.read.1.tlog
c:\term2\mygames\tank's\debug\tank's.tlog\link.write.1.tlog
c:\term2\mygames\tank's\debug\tank's.tlog\tank's.write.1u.tlog
